---------------------------------------------------------------

[2022-04-26T16:53:40+08:00] 127.0.0.1 GET www.td.com/
[运行时间：0.032862s] [吞吐率：30.43req/s] [内存消耗：1,680.85kb] [文件加载：56]
[ info ] [ LANG ] D:\phpstudy_pro\WWW\Student\thinkphp\lang\zh-cn.php
[ info ] [ ROUTE ] array (
)
[ info ] [ HEADER ] array (
  'accept-language' => 'en,zh-CN;q=0.9,zh;q=0.8',
  'accept-encoding' => 'gzip, deflate',
  'accept' => 'text/html,application/xhtml+xml,application/xml;q=0.9,image/avif,image/webp,image/apng,*/*;q=0.8,application/signed-exchange;v=b3;q=0.9',
  'user-agent' => 'Mozilla/5.0 (Windows NT 10.0; Win64; x64) AppleWebKit/537.36 (KHTML, like Gecko) Chrome/100.0.4896.127 Safari/537.36',
  'upgrade-insecure-requests' => '1',
  'cache-control' => 'max-age=0',
  'connection' => 'keep-alive',
  'host' => 'www.td.com',
  'content-length' => '',
  'content-type' => '',
)
[ info ] [ PARAM ] array (
)
---------------------------------------------------------------

[2022-04-26T16:54:07+08:00] 127.0.0.1 GET www.td.com/index.php/api/login/index
[运行时间：0.014239s] [吞吐率：70.23req/s] [内存消耗：1,728.05kb] [文件加载：59]
[ info ] [ LANG ] D:\phpstudy_pro\WWW\Student\thinkphp\lang\zh-cn.php
[ info ] [ ROUTE ] array (
)
[ info ] [ HEADER ] array (
  'accept-language' => 'en,zh-CN;q=0.9,zh;q=0.8',
  'accept-encoding' => 'gzip, deflate',
  'accept' => 'text/html,application/xhtml+xml,application/xml;q=0.9,image/avif,image/webp,image/apng,*/*;q=0.8,application/signed-exchange;v=b3;q=0.9',
  'user-agent' => 'Mozilla/5.0 (Windows NT 10.0; Win64; x64) AppleWebKit/537.36 (KHTML, like Gecko) Chrome/100.0.4896.127 Safari/537.36',
  'upgrade-insecure-requests' => '1',
  'connection' => 'keep-alive',
  'host' => 'www.td.com',
  'content-length' => '',
  'content-type' => '',
)
[ info ] [ PARAM ] array (
)
---------------------------------------------------------------

[2022-04-26T16:54:15+08:00] 127.0.0.1 GET www.td.com/index.php/api/login/index
[运行时间：0.028267s] [吞吐率：35.38req/s] [内存消耗：1,727.21kb] [文件加载：59]
[ info ] [ LANG ] D:\phpstudy_pro\WWW\Student\thinkphp\lang\zh-cn.php
[ info ] [ ROUTE ] array (
)
[ info ] [ HEADER ] array (
  'accept-language' => 'zh-CN',
  'accept-encoding' => 'gzip, deflate',
  'content-type' => 'application/json',
  'user-agent' => 'Mozilla/5.0 (Windows NT 10.0; Win64; x64) AppleWebKit/537.36 (KHTML, like Gecko) ???/1.7.3 Chrome/91.0.4472.164 Electron/13.6.2 Safari/537.36',
  'accept' => 'application/json, text/plain, */*',
  'connection' => 'keep-alive',
  'host' => 'www.td.com',
  'content-length' => '',
)
[ info ] [ PARAM ] array (
)
---------------------------------------------------------------

[2022-04-26T16:55:07+08:00] 127.0.0.1 GET www.td.com/index.php/api/login/index
[运行时间：0.018229s] [吞吐率：54.86req/s] [内存消耗：1,727.21kb] [文件加载：59]
[ info ] [ LANG ] D:\phpstudy_pro\WWW\Student\thinkphp\lang\zh-cn.php
[ info ] [ ROUTE ] array (
)
[ info ] [ HEADER ] array (
  'accept-language' => 'zh-CN',
  'accept-encoding' => 'gzip, deflate',
  'content-type' => 'application/json',
  'user-agent' => 'Mozilla/5.0 (Windows NT 10.0; Win64; x64) AppleWebKit/537.36 (KHTML, like Gecko) ???/1.7.3 Chrome/91.0.4472.164 Electron/13.6.2 Safari/537.36',
  'accept' => 'application/json, text/plain, */*',
  'connection' => 'keep-alive',
  'host' => 'www.td.com',
  'content-length' => '',
)
[ info ] [ PARAM ] array (
)
---------------------------------------------------------------

[2022-04-26T16:55:08+08:00] 127.0.0.1 GET www.td.com/index.php/api/login/index
[运行时间：0.023225s] [吞吐率：43.06req/s] [内存消耗：1,727.21kb] [文件加载：59]
[ info ] [ LANG ] D:\phpstudy_pro\WWW\Student\thinkphp\lang\zh-cn.php
[ info ] [ ROUTE ] array (
)
[ info ] [ HEADER ] array (
  'accept-language' => 'zh-CN',
  'accept-encoding' => 'gzip, deflate',
  'content-type' => 'application/json',
  'user-agent' => 'Mozilla/5.0 (Windows NT 10.0; Win64; x64) AppleWebKit/537.36 (KHTML, like Gecko) ???/1.7.3 Chrome/91.0.4472.164 Electron/13.6.2 Safari/537.36',
  'accept' => 'application/json, text/plain, */*',
  'connection' => 'keep-alive',
  'host' => 'www.td.com',
  'content-length' => '',
)
[ info ] [ PARAM ] array (
)
---------------------------------------------------------------

[2022-04-26T16:55:10+08:00] 127.0.0.1 GET www.td.com/index.php/api/login/index
[运行时间：0.013800s] [吞吐率：72.46req/s] [内存消耗：1,727.21kb] [文件加载：59]
[ info ] [ LANG ] D:\phpstudy_pro\WWW\Student\thinkphp\lang\zh-cn.php
[ info ] [ ROUTE ] array (
)
[ info ] [ HEADER ] array (
  'accept-language' => 'zh-CN',
  'accept-encoding' => 'gzip, deflate',
  'content-type' => 'application/json',
  'user-agent' => 'Mozilla/5.0 (Windows NT 10.0; Win64; x64) AppleWebKit/537.36 (KHTML, like Gecko) ???/1.7.3 Chrome/91.0.4472.164 Electron/13.6.2 Safari/537.36',
  'accept' => 'application/json, text/plain, */*',
  'connection' => 'keep-alive',
  'host' => 'www.td.com',
  'content-length' => '',
)
[ info ] [ PARAM ] array (
)
---------------------------------------------------------------

[2022-04-26T16:55:11+08:00] 127.0.0.1 GET www.td.com/index.php/api/login/index
[运行时间：0.013703s] [吞吐率：72.98req/s] [内存消耗：1,727.21kb] [文件加载：59]
[ info ] [ LANG ] D:\phpstudy_pro\WWW\Student\thinkphp\lang\zh-cn.php
[ info ] [ ROUTE ] array (
)
[ info ] [ HEADER ] array (
  'accept-language' => 'zh-CN',
  'accept-encoding' => 'gzip, deflate',
  'content-type' => 'application/json',
  'user-agent' => 'Mozilla/5.0 (Windows NT 10.0; Win64; x64) AppleWebKit/537.36 (KHTML, like Gecko) ???/1.7.3 Chrome/91.0.4472.164 Electron/13.6.2 Safari/537.36',
  'accept' => 'application/json, text/plain, */*',
  'connection' => 'keep-alive',
  'host' => 'www.td.com',
  'content-length' => '',
)
[ info ] [ PARAM ] array (
)
---------------------------------------------------------------

[2022-04-26T16:59:19+08:00] 127.0.0.1 POST www.td.com/index.php/api/login/index
[运行时间：0.021391s] [吞吐率：46.75req/s] [内存消耗：1,706.04kb] [文件加载：58]
[ info ] [ LANG ] D:\phpstudy_pro\WWW\Student\thinkphp\lang\zh-cn.php
[ info ] [ ROUTE ] array (
)
[ info ] [ HEADER ] array (
  'accept-language' => 'zh-CN',
  'accept-encoding' => 'gzip, deflate',
  'content-type' => 'application/json',
  'user-agent' => 'Mozilla/5.0 (Windows NT 10.0; Win64; x64) AppleWebKit/537.36 (KHTML, like Gecko) ???/1.7.3 Chrome/91.0.4472.164 Electron/13.6.2 Safari/537.36',
  'accept' => 'application/json, text/plain, */*',
  'content-length' => '58',
  'connection' => 'keep-alive',
  'host' => 'www.td.com',
)
[ info ] [ PARAM ] array (
  'name' => 'Bill Gates',
  'age' => 62,
  'city' => 'Seattle',
)
---------------------------------------------------------------

[2022-04-26T17:07:06+08:00] 127.0.0.1 POST www.td.com/index.php/api/login/index
[运行时间：0.021059s] [吞吐率：47.49req/s] [内存消耗：2,125.27kb] [文件加载：70]
[ info ] [ LANG ] D:\phpstudy_pro\WWW\Student\thinkphp\lang\zh-cn.php
[ info ] [ ROUTE ] array (
)
[ info ] [ HEADER ] array (
  'accept-language' => 'zh-CN',
  'accept-encoding' => 'gzip, deflate',
  'content-type' => 'application/json',
  'user-agent' => 'Mozilla/5.0 (Windows NT 10.0; Win64; x64) AppleWebKit/537.36 (KHTML, like Gecko) ???/1.7.3 Chrome/91.0.4472.164 Electron/13.6.2 Safari/537.36',
  'accept' => 'application/json, text/plain, */*',
  'content-length' => '47',
  'connection' => 'keep-alive',
  'host' => 'www.td.com',
)
[ info ] [ PARAM ] array (
)
[ error ] [8]未定义数组索引: username[D:\phpstudy_pro\WWW\Student\application\api\controller\Login.php:19]
---------------------------------------------------------------

[2022-04-26T17:07:14+08:00] 127.0.0.1 GET www.td.com/index.php/api/login/index
[运行时间：0.016464s] [吞吐率：60.74req/s] [内存消耗：1,729.27kb] [文件加载：59]
[ info ] [ LANG ] D:\phpstudy_pro\WWW\Student\thinkphp\lang\zh-cn.php
[ info ] [ ROUTE ] array (
)
[ info ] [ HEADER ] array (
  'accept-language' => 'en,zh-CN;q=0.9,zh;q=0.8',
  'accept-encoding' => 'gzip, deflate',
  'accept' => 'text/html,application/xhtml+xml,application/xml;q=0.9,image/avif,image/webp,image/apng,*/*;q=0.8,application/signed-exchange;v=b3;q=0.9',
  'user-agent' => 'Mozilla/5.0 (Windows NT 10.0; Win64; x64) AppleWebKit/537.36 (KHTML, like Gecko) Chrome/100.0.4896.127 Safari/537.36',
  'upgrade-insecure-requests' => '1',
  'cache-control' => 'max-age=0',
  'connection' => 'keep-alive',
  'host' => 'www.td.com',
  'content-length' => '',
  'content-type' => '',
)
[ info ] [ PARAM ] array (
)
---------------------------------------------------------------

[2022-04-26T17:07:15+08:00] 127.0.0.1 GET www.td.com/index.php/api/login/index
[运行时间：0.013591s] [吞吐率：73.58req/s] [内存消耗：1,729.27kb] [文件加载：59]
[ info ] [ LANG ] D:\phpstudy_pro\WWW\Student\thinkphp\lang\zh-cn.php
[ info ] [ ROUTE ] array (
)
[ info ] [ HEADER ] array (
  'accept-language' => 'en,zh-CN;q=0.9,zh;q=0.8',
  'accept-encoding' => 'gzip, deflate',
  'accept' => 'text/html,application/xhtml+xml,application/xml;q=0.9,image/avif,image/webp,image/apng,*/*;q=0.8,application/signed-exchange;v=b3;q=0.9',
  'user-agent' => 'Mozilla/5.0 (Windows NT 10.0; Win64; x64) AppleWebKit/537.36 (KHTML, like Gecko) Chrome/100.0.4896.127 Safari/537.36',
  'upgrade-insecure-requests' => '1',
  'cache-control' => 'max-age=0',
  'connection' => 'keep-alive',
  'host' => 'www.td.com',
  'content-length' => '',
  'content-type' => '',
)
[ info ] [ PARAM ] array (
)
---------------------------------------------------------------

[2022-04-26T17:07:35+08:00] 127.0.0.1 POST www.td.com/index.php/api/login/index
[运行时间：0.023914s] [吞吐率：41.82req/s] [内存消耗：2,125.27kb] [文件加载：70]
[ info ] [ LANG ] D:\phpstudy_pro\WWW\Student\thinkphp\lang\zh-cn.php
[ info ] [ ROUTE ] array (
)
[ info ] [ HEADER ] array (
  'accept-language' => 'zh-CN',
  'accept-encoding' => 'gzip, deflate',
  'content-type' => 'application/json',
  'user-agent' => 'Mozilla/5.0 (Windows NT 10.0; Win64; x64) AppleWebKit/537.36 (KHTML, like Gecko) ???/1.7.3 Chrome/91.0.4472.164 Electron/13.6.2 Safari/537.36',
  'accept' => 'application/json, text/plain, */*',
  'content-length' => '47',
  'connection' => 'keep-alive',
  'host' => 'www.td.com',
)
[ info ] [ PARAM ] array (
)
[ error ] [8]未定义数组索引: username[D:\phpstudy_pro\WWW\Student\application\api\controller\Login.php:19]
---------------------------------------------------------------

[2022-04-26T17:08:16+08:00] 127.0.0.1 POST www.td.com/index.php/api/login/index
[运行时间：0.023544s] [吞吐率：42.47req/s] [内存消耗：2,125.27kb] [文件加载：70]
[ info ] [ LANG ] D:\phpstudy_pro\WWW\Student\thinkphp\lang\zh-cn.php
[ info ] [ ROUTE ] array (
)
[ info ] [ HEADER ] array (
  'accept-language' => 'zh-CN',
  'accept-encoding' => 'gzip, deflate',
  'content-type' => 'application/json',
  'user-agent' => 'Mozilla/5.0 (Windows NT 10.0; Win64; x64) AppleWebKit/537.36 (KHTML, like Gecko) ???/1.7.3 Chrome/91.0.4472.164 Electron/13.6.2 Safari/537.36',
  'accept' => 'application/json, text/plain, */*',
  'content-length' => '47',
  'connection' => 'keep-alive',
  'host' => 'www.td.com',
)
[ info ] [ PARAM ] array (
)
[ error ] [8]未定义数组索引: username[D:\phpstudy_pro\WWW\Student\application\api\controller\Login.php:19]
---------------------------------------------------------------

[2022-04-26T17:12:30+08:00] 127.0.0.1 POST www.td.com/index.php/api/login/index
[运行时间：0.037813s] [吞吐率：26.45req/s] [内存消耗：3,104.30kb] [文件加载：72]
[ info ] [ LANG ] D:\phpstudy_pro\WWW\Student\thinkphp\lang\zh-cn.php
[ info ] [ ROUTE ] array (
)
[ info ] [ HEADER ] array (
  'accept-language' => 'zh-CN',
  'accept-encoding' => 'gzip, deflate',
  'content-type' => 'application/json',
  'user-agent' => 'Mozilla/5.0 (Windows NT 10.0; Win64; x64) AppleWebKit/537.36 (KHTML, like Gecko) ???/1.7.3 Chrome/91.0.4472.164 Electron/13.6.2 Safari/537.36',
  'accept' => 'application/json, text/plain, */*',
  'content-length' => '47',
  'connection' => 'keep-alive',
  'host' => 'www.td.com',
)
[ info ] [ PARAM ] array (
)
[ info ] [ DB ] INIT mysql
[ sql ] [ DB ] CONNECT:[ UseTime:0.001272s ] mysql:host=127.0.0.1;dbname=student;charset=utf8
[ sql ] [ SQL ] SHOW COLUMNS FROM `stu_user` [ RunTime:0.001167s ]
[ sql ] [ SQL ] SELECT * FROM `stu_user` WHERE  `status` = 1 [ RunTime:0.000267s ]
---------------------------------------------------------------

[2022-04-26T17:16:39+08:00] 127.0.0.1 POST www.td.com/index.php/api/login/index
[运行时间：0.023798s] [吞吐率：42.02req/s] [内存消耗：1,705.23kb] [文件加载：58]
[ info ] [ LANG ] D:\phpstudy_pro\WWW\Student\thinkphp\lang\zh-cn.php
[ info ] [ ROUTE ] array (
)
[ info ] [ HEADER ] array (
  'accept-language' => 'zh-CN',
  'accept-encoding' => 'gzip, deflate',
  'content-type' => 'application/json',
  'user-agent' => 'Mozilla/5.0 (Windows NT 10.0; Win64; x64) AppleWebKit/537.36 (KHTML, like Gecko) ???/1.7.3 Chrome/91.0.4472.164 Electron/13.6.2 Safari/537.36',
  'accept' => 'application/json, text/plain, */*',
  'content-length' => '47',
  'connection' => 'keep-alive',
  'host' => 'www.td.com',
)
[ info ] [ PARAM ] array (
)
---------------------------------------------------------------

[2022-04-26T17:16:57+08:00] 127.0.0.1 POST www.td.com/index.php/api/login/index
[运行时间：0.019081s] [吞吐率：52.41req/s] [内存消耗：1,705.23kb] [文件加载：58]
[ info ] [ LANG ] D:\phpstudy_pro\WWW\Student\thinkphp\lang\zh-cn.php
[ info ] [ ROUTE ] array (
)
[ info ] [ HEADER ] array (
  'accept-language' => 'zh-CN',
  'accept-encoding' => 'gzip, deflate',
  'content-type' => 'application/json',
  'user-agent' => 'Mozilla/5.0 (Windows NT 10.0; Win64; x64) AppleWebKit/537.36 (KHTML, like Gecko) ???/1.7.3 Chrome/91.0.4472.164 Electron/13.6.2 Safari/537.36',
  'accept' => 'application/json, text/plain, */*',
  'content-length' => '47',
  'connection' => 'keep-alive',
  'host' => 'www.td.com',
)
[ info ] [ PARAM ] array (
)
---------------------------------------------------------------

[2022-04-26T17:16:58+08:00] 127.0.0.1 POST www.td.com/index.php/api/login/index
[运行时间：0.017819s] [吞吐率：56.12req/s] [内存消耗：1,705.23kb] [文件加载：58]
[ info ] [ LANG ] D:\phpstudy_pro\WWW\Student\thinkphp\lang\zh-cn.php
[ info ] [ ROUTE ] array (
)
[ info ] [ HEADER ] array (
  'accept-language' => 'zh-CN',
  'accept-encoding' => 'gzip, deflate',
  'content-type' => 'application/json',
  'user-agent' => 'Mozilla/5.0 (Windows NT 10.0; Win64; x64) AppleWebKit/537.36 (KHTML, like Gecko) ???/1.7.3 Chrome/91.0.4472.164 Electron/13.6.2 Safari/537.36',
  'accept' => 'application/json, text/plain, */*',
  'content-length' => '47',
  'connection' => 'keep-alive',
  'host' => 'www.td.com',
)
[ info ] [ PARAM ] array (
)
---------------------------------------------------------------

[2022-04-26T17:17:09+08:00] 127.0.0.1 POST www.td.com/index.php/api/login/index
[运行时间：0.018349s] [吞吐率：54.50req/s] [内存消耗：1,705.23kb] [文件加载：58]
[ info ] [ LANG ] D:\phpstudy_pro\WWW\Student\thinkphp\lang\zh-cn.php
[ info ] [ ROUTE ] array (
)
[ info ] [ HEADER ] array (
  'accept-language' => 'zh-CN',
  'accept-encoding' => 'gzip, deflate',
  'content-type' => 'application/json',
  'user-agent' => 'Mozilla/5.0 (Windows NT 10.0; Win64; x64) AppleWebKit/537.36 (KHTML, like Gecko) ???/1.7.3 Chrome/91.0.4472.164 Electron/13.6.2 Safari/537.36',
  'accept' => 'application/json, text/plain, */*',
  'content-length' => '47',
  'connection' => 'keep-alive',
  'host' => 'www.td.com',
)
[ info ] [ PARAM ] array (
)
---------------------------------------------------------------

[2022-04-26T17:17:09+08:00] 127.0.0.1 POST www.td.com/index.php/api/login/index
[运行时间：0.019304s] [吞吐率：51.80req/s] [内存消耗：1,705.23kb] [文件加载：58]
[ info ] [ LANG ] D:\phpstudy_pro\WWW\Student\thinkphp\lang\zh-cn.php
[ info ] [ ROUTE ] array (
)
[ info ] [ HEADER ] array (
  'accept-language' => 'zh-CN',
  'accept-encoding' => 'gzip, deflate',
  'content-type' => 'application/json',
  'user-agent' => 'Mozilla/5.0 (Windows NT 10.0; Win64; x64) AppleWebKit/537.36 (KHTML, like Gecko) ???/1.7.3 Chrome/91.0.4472.164 Electron/13.6.2 Safari/537.36',
  'accept' => 'application/json, text/plain, */*',
  'content-length' => '47',
  'connection' => 'keep-alive',
  'host' => 'www.td.com',
)
[ info ] [ PARAM ] array (
)
---------------------------------------------------------------

[2022-04-26T17:17:10+08:00] 127.0.0.1 POST www.td.com/index.php/api/login/index
[运行时间：0.018824s] [吞吐率：53.12req/s] [内存消耗：1,705.23kb] [文件加载：58]
[ info ] [ LANG ] D:\phpstudy_pro\WWW\Student\thinkphp\lang\zh-cn.php
[ info ] [ ROUTE ] array (
)
[ info ] [ HEADER ] array (
  'accept-language' => 'zh-CN',
  'accept-encoding' => 'gzip, deflate',
  'content-type' => 'application/json',
  'user-agent' => 'Mozilla/5.0 (Windows NT 10.0; Win64; x64) AppleWebKit/537.36 (KHTML, like Gecko) ???/1.7.3 Chrome/91.0.4472.164 Electron/13.6.2 Safari/537.36',
  'accept' => 'application/json, text/plain, */*',
  'content-length' => '47',
  'connection' => 'keep-alive',
  'host' => 'www.td.com',
)
[ info ] [ PARAM ] array (
)
---------------------------------------------------------------

[2022-04-26T17:17:14+08:00] 127.0.0.1 POST www.td.com/index.php/api/login/index
[运行时间：0.016418s] [吞吐率：60.91req/s] [内存消耗：1,705.23kb] [文件加载：58]
[ info ] [ LANG ] D:\phpstudy_pro\WWW\Student\thinkphp\lang\zh-cn.php
[ info ] [ ROUTE ] array (
)
[ info ] [ HEADER ] array (
  'accept-language' => 'zh-CN',
  'accept-encoding' => 'gzip, deflate',
  'content-type' => 'application/json',
  'user-agent' => 'Mozilla/5.0 (Windows NT 10.0; Win64; x64) AppleWebKit/537.36 (KHTML, like Gecko) ???/1.7.3 Chrome/91.0.4472.164 Electron/13.6.2 Safari/537.36',
  'accept' => 'application/json, text/plain, */*',
  'content-length' => '47',
  'connection' => 'keep-alive',
  'host' => 'www.td.com',
)
[ info ] [ PARAM ] array (
)
---------------------------------------------------------------

[2022-04-26T17:17:15+08:00] 127.0.0.1 POST www.td.com/index.php/api/login/index
[运行时间：0.016474s] [吞吐率：60.70req/s] [内存消耗：1,705.23kb] [文件加载：58]
[ info ] [ LANG ] D:\phpstudy_pro\WWW\Student\thinkphp\lang\zh-cn.php
[ info ] [ ROUTE ] array (
)
[ info ] [ HEADER ] array (
  'accept-language' => 'zh-CN',
  'accept-encoding' => 'gzip, deflate',
  'content-type' => 'application/json',
  'user-agent' => 'Mozilla/5.0 (Windows NT 10.0; Win64; x64) AppleWebKit/537.36 (KHTML, like Gecko) ???/1.7.3 Chrome/91.0.4472.164 Electron/13.6.2 Safari/537.36',
  'accept' => 'application/json, text/plain, */*',
  'content-length' => '47',
  'connection' => 'keep-alive',
  'host' => 'www.td.com',
)
[ info ] [ PARAM ] array (
)
---------------------------------------------------------------

[2022-04-26T17:17:27+08:00] 127.0.0.1 POST www.td.com/index.php/api/login/index
[运行时间：0.019309s] [吞吐率：51.79req/s] [内存消耗：1,707.77kb] [文件加载：59]
[ info ] [ LANG ] D:\phpstudy_pro\WWW\Student\thinkphp\lang\zh-cn.php
[ info ] [ ROUTE ] array (
)
[ info ] [ HEADER ] array (
  'accept-language' => 'zh-CN',
  'accept-encoding' => 'gzip, deflate',
  'content-type' => 'application/json',
  'user-agent' => 'Mozilla/5.0 (Windows NT 10.0; Win64; x64) AppleWebKit/537.36 (KHTML, like Gecko) ???/1.7.3 Chrome/91.0.4472.164 Electron/13.6.2 Safari/537.36',
  'accept' => 'application/json, text/plain, */*',
  'content-length' => '47',
  'connection' => 'keep-alive',
  'host' => 'www.td.com',
)
[ info ] [ PARAM ] array (
)
---------------------------------------------------------------

[2022-04-26T17:17:36+08:00] 127.0.0.1 POST www.td.com/index.php/api/login/index
[运行时间：0.019086s] [吞吐率：52.39req/s] [内存消耗：1,705.23kb] [文件加载：58]
[ info ] [ LANG ] D:\phpstudy_pro\WWW\Student\thinkphp\lang\zh-cn.php
[ info ] [ ROUTE ] array (
)
[ info ] [ HEADER ] array (
  'accept-language' => 'zh-CN',
  'accept-encoding' => 'gzip, deflate',
  'content-type' => 'application/json',
  'user-agent' => 'Mozilla/5.0 (Windows NT 10.0; Win64; x64) AppleWebKit/537.36 (KHTML, like Gecko) ???/1.7.3 Chrome/91.0.4472.164 Electron/13.6.2 Safari/537.36',
  'accept' => 'application/json, text/plain, */*',
  'content-length' => '47',
  'connection' => 'keep-alive',
  'host' => 'www.td.com',
)
[ info ] [ PARAM ] array (
)
---------------------------------------------------------------

[2022-04-26T17:18:10+08:00] 127.0.0.1 POST www.td.com/index.php/api/login/index
[运行时间：0.013919s] [吞吐率：71.84req/s] [内存消耗：1,707.77kb] [文件加载：59]
[ info ] [ LANG ] D:\phpstudy_pro\WWW\Student\thinkphp\lang\zh-cn.php
[ info ] [ ROUTE ] array (
)
[ info ] [ HEADER ] array (
  'accept-language' => 'zh-CN',
  'accept-encoding' => 'gzip, deflate',
  'content-type' => 'application/json',
  'user-agent' => 'Mozilla/5.0 (Windows NT 10.0; Win64; x64) AppleWebKit/537.36 (KHTML, like Gecko) ???/1.7.3 Chrome/91.0.4472.164 Electron/13.6.2 Safari/537.36',
  'accept' => 'application/json, text/plain, */*',
  'content-length' => '47',
  'connection' => 'keep-alive',
  'host' => 'www.td.com',
)
[ info ] [ PARAM ] array (
)
---------------------------------------------------------------

[2022-04-26T17:18:11+08:00] 127.0.0.1 POST www.td.com/index.php/api/login/index
[运行时间：0.018771s] [吞吐率：53.27req/s] [内存消耗：1,707.77kb] [文件加载：59]
[ info ] [ LANG ] D:\phpstudy_pro\WWW\Student\thinkphp\lang\zh-cn.php
[ info ] [ ROUTE ] array (
)
[ info ] [ HEADER ] array (
  'accept-language' => 'zh-CN',
  'accept-encoding' => 'gzip, deflate',
  'content-type' => 'application/json',
  'user-agent' => 'Mozilla/5.0 (Windows NT 10.0; Win64; x64) AppleWebKit/537.36 (KHTML, like Gecko) ???/1.7.3 Chrome/91.0.4472.164 Electron/13.6.2 Safari/537.36',
  'accept' => 'application/json, text/plain, */*',
  'content-length' => '47',
  'connection' => 'keep-alive',
  'host' => 'www.td.com',
)
[ info ] [ PARAM ] array (
)
---------------------------------------------------------------

[2022-04-26T17:18:11+08:00] 127.0.0.1 POST www.td.com/index.php/api/login/index
[运行时间：0.013659s] [吞吐率：73.21req/s] [内存消耗：1,707.77kb] [文件加载：59]
[ info ] [ LANG ] D:\phpstudy_pro\WWW\Student\thinkphp\lang\zh-cn.php
[ info ] [ ROUTE ] array (
)
[ info ] [ HEADER ] array (
  'accept-language' => 'zh-CN',
  'accept-encoding' => 'gzip, deflate',
  'content-type' => 'application/json',
  'user-agent' => 'Mozilla/5.0 (Windows NT 10.0; Win64; x64) AppleWebKit/537.36 (KHTML, like Gecko) ???/1.7.3 Chrome/91.0.4472.164 Electron/13.6.2 Safari/537.36',
  'accept' => 'application/json, text/plain, */*',
  'content-length' => '47',
  'connection' => 'keep-alive',
  'host' => 'www.td.com',
)
[ info ] [ PARAM ] array (
)
---------------------------------------------------------------

[2022-04-26T17:18:18+08:00] 127.0.0.1 POST www.td.com/index.php/api/login/index
[运行时间：0.017404s] [吞吐率：57.46req/s] [内存消耗：1,707.77kb] [文件加载：59]
[ info ] [ LANG ] D:\phpstudy_pro\WWW\Student\thinkphp\lang\zh-cn.php
[ info ] [ ROUTE ] array (
)
[ info ] [ HEADER ] array (
  'accept-language' => 'zh-CN',
  'accept-encoding' => 'gzip, deflate',
  'content-type' => 'application/json',
  'user-agent' => 'Mozilla/5.0 (Windows NT 10.0; Win64; x64) AppleWebKit/537.36 (KHTML, like Gecko) ???/1.7.3 Chrome/91.0.4472.164 Electron/13.6.2 Safari/537.36',
  'accept' => 'application/json, text/plain, */*',
  'content-length' => '47',
  'connection' => 'keep-alive',
  'host' => 'www.td.com',
)
[ info ] [ PARAM ] array (
)
---------------------------------------------------------------

[2022-04-26T17:19:21+08:00] 127.0.0.1 POST www.td.com/index.php/api/login/index
[运行时间：0.018115s] [吞吐率：55.20req/s] [内存消耗：1,707.77kb] [文件加载：59]
[ info ] [ LANG ] D:\phpstudy_pro\WWW\Student\thinkphp\lang\zh-cn.php
[ info ] [ ROUTE ] array (
)
[ info ] [ HEADER ] array (
  'accept-language' => 'zh-CN',
  'accept-encoding' => 'gzip, deflate',
  'content-type' => 'application/json',
  'user-agent' => 'Mozilla/5.0 (Windows NT 10.0; Win64; x64) AppleWebKit/537.36 (KHTML, like Gecko) ???/1.7.3 Chrome/91.0.4472.164 Electron/13.6.2 Safari/537.36',
  'accept' => 'application/json, text/plain, */*',
  'content-length' => '47',
  'connection' => 'keep-alive',
  'host' => 'www.td.com',
)
[ info ] [ PARAM ] array (
)
---------------------------------------------------------------

[2022-04-26T17:19:22+08:00] 127.0.0.1 POST www.td.com/index.php/api/login/index
[运行时间：0.018862s] [吞吐率：53.02req/s] [内存消耗：1,707.77kb] [文件加载：59]
[ info ] [ LANG ] D:\phpstudy_pro\WWW\Student\thinkphp\lang\zh-cn.php
[ info ] [ ROUTE ] array (
)
[ info ] [ HEADER ] array (
  'accept-language' => 'zh-CN',
  'accept-encoding' => 'gzip, deflate',
  'content-type' => 'application/json',
  'user-agent' => 'Mozilla/5.0 (Windows NT 10.0; Win64; x64) AppleWebKit/537.36 (KHTML, like Gecko) ???/1.7.3 Chrome/91.0.4472.164 Electron/13.6.2 Safari/537.36',
  'accept' => 'application/json, text/plain, */*',
  'content-length' => '47',
  'connection' => 'keep-alive',
  'host' => 'www.td.com',
)
[ info ] [ PARAM ] array (
)
---------------------------------------------------------------

[2022-04-26T17:19:23+08:00] 127.0.0.1 POST www.td.com/index.php/api/login/index
[运行时间：0.014984s] [吞吐率：66.74req/s] [内存消耗：1,707.77kb] [文件加载：59]
[ info ] [ LANG ] D:\phpstudy_pro\WWW\Student\thinkphp\lang\zh-cn.php
[ info ] [ ROUTE ] array (
)
[ info ] [ HEADER ] array (
  'accept-language' => 'zh-CN',
  'accept-encoding' => 'gzip, deflate',
  'content-type' => 'application/json',
  'user-agent' => 'Mozilla/5.0 (Windows NT 10.0; Win64; x64) AppleWebKit/537.36 (KHTML, like Gecko) ???/1.7.3 Chrome/91.0.4472.164 Electron/13.6.2 Safari/537.36',
  'accept' => 'application/json, text/plain, */*',
  'content-length' => '47',
  'connection' => 'keep-alive',
  'host' => 'www.td.com',
)
[ info ] [ PARAM ] array (
)
---------------------------------------------------------------

[2022-04-26T17:19:23+08:00] 127.0.0.1 POST www.td.com/index.php/api/login/index
[运行时间：0.013686s] [吞吐率：73.07req/s] [内存消耗：1,707.77kb] [文件加载：59]
[ info ] [ LANG ] D:\phpstudy_pro\WWW\Student\thinkphp\lang\zh-cn.php
[ info ] [ ROUTE ] array (
)
[ info ] [ HEADER ] array (
  'accept-language' => 'zh-CN',
  'accept-encoding' => 'gzip, deflate',
  'content-type' => 'application/json',
  'user-agent' => 'Mozilla/5.0 (Windows NT 10.0; Win64; x64) AppleWebKit/537.36 (KHTML, like Gecko) ???/1.7.3 Chrome/91.0.4472.164 Electron/13.6.2 Safari/537.36',
  'accept' => 'application/json, text/plain, */*',
  'content-length' => '47',
  'connection' => 'keep-alive',
  'host' => 'www.td.com',
)
[ info ] [ PARAM ] array (
)
---------------------------------------------------------------

[2022-04-26T17:19:26+08:00] 127.0.0.1 POST www.td.com/index.php/api/login/index
[运行时间：0.014636s] [吞吐率：68.32req/s] [内存消耗：1,707.77kb] [文件加载：59]
[ info ] [ LANG ] D:\phpstudy_pro\WWW\Student\thinkphp\lang\zh-cn.php
[ info ] [ ROUTE ] array (
)
[ info ] [ HEADER ] array (
  'accept-language' => 'zh-CN',
  'accept-encoding' => 'gzip, deflate',
  'content-type' => 'application/json',
  'user-agent' => 'Mozilla/5.0 (Windows NT 10.0; Win64; x64) AppleWebKit/537.36 (KHTML, like Gecko) ???/1.7.3 Chrome/91.0.4472.164 Electron/13.6.2 Safari/537.36',
  'accept' => 'application/json, text/plain, */*',
  'content-length' => '47',
  'connection' => 'keep-alive',
  'host' => 'www.td.com',
)
[ info ] [ PARAM ] array (
)
---------------------------------------------------------------

[2022-04-26T17:19:26+08:00] 127.0.0.1 POST www.td.com/index.php/api/login/index
[运行时间：0.020325s] [吞吐率：49.20req/s] [内存消耗：1,707.77kb] [文件加载：59]
[ info ] [ LANG ] D:\phpstudy_pro\WWW\Student\thinkphp\lang\zh-cn.php
[ info ] [ ROUTE ] array (
)
[ info ] [ HEADER ] array (
  'accept-language' => 'zh-CN',
  'accept-encoding' => 'gzip, deflate',
  'content-type' => 'application/json',
  'user-agent' => 'Mozilla/5.0 (Windows NT 10.0; Win64; x64) AppleWebKit/537.36 (KHTML, like Gecko) ???/1.7.3 Chrome/91.0.4472.164 Electron/13.6.2 Safari/537.36',
  'accept' => 'application/json, text/plain, */*',
  'content-length' => '47',
  'connection' => 'keep-alive',
  'host' => 'www.td.com',
)
[ info ] [ PARAM ] array (
)
---------------------------------------------------------------

[2022-04-26T17:19:27+08:00] 127.0.0.1 POST www.td.com/index.php/api/login/index
[运行时间：0.013829s] [吞吐率：72.31req/s] [内存消耗：1,707.77kb] [文件加载：59]
[ info ] [ LANG ] D:\phpstudy_pro\WWW\Student\thinkphp\lang\zh-cn.php
[ info ] [ ROUTE ] array (
)
[ info ] [ HEADER ] array (
  'accept-language' => 'zh-CN',
  'accept-encoding' => 'gzip, deflate',
  'content-type' => 'application/json',
  'user-agent' => 'Mozilla/5.0 (Windows NT 10.0; Win64; x64) AppleWebKit/537.36 (KHTML, like Gecko) ???/1.7.3 Chrome/91.0.4472.164 Electron/13.6.2 Safari/537.36',
  'accept' => 'application/json, text/plain, */*',
  'content-length' => '47',
  'connection' => 'keep-alive',
  'host' => 'www.td.com',
)
[ info ] [ PARAM ] array (
)
---------------------------------------------------------------

[2022-04-26T17:19:27+08:00] 127.0.0.1 POST www.td.com/index.php/api/login/index
[运行时间：0.013717s] [吞吐率：72.90req/s] [内存消耗：1,707.77kb] [文件加载：59]
[ info ] [ LANG ] D:\phpstudy_pro\WWW\Student\thinkphp\lang\zh-cn.php
[ info ] [ ROUTE ] array (
)
[ info ] [ HEADER ] array (
  'accept-language' => 'zh-CN',
  'accept-encoding' => 'gzip, deflate',
  'content-type' => 'application/json',
  'user-agent' => 'Mozilla/5.0 (Windows NT 10.0; Win64; x64) AppleWebKit/537.36 (KHTML, like Gecko) ???/1.7.3 Chrome/91.0.4472.164 Electron/13.6.2 Safari/537.36',
  'accept' => 'application/json, text/plain, */*',
  'content-length' => '47',
  'connection' => 'keep-alive',
  'host' => 'www.td.com',
)
[ info ] [ PARAM ] array (
)
---------------------------------------------------------------

[2022-04-26T17:20:20+08:00] 127.0.0.1 POST www.td.com/index.php/api/login/index
[运行时间：0.013884s] [吞吐率：72.03req/s] [内存消耗：1,707.77kb] [文件加载：59]
[ info ] [ LANG ] D:\phpstudy_pro\WWW\Student\thinkphp\lang\zh-cn.php
[ info ] [ ROUTE ] array (
)
[ info ] [ HEADER ] array (
  'accept-language' => 'zh-CN',
  'accept-encoding' => 'gzip, deflate',
  'content-type' => 'application/json',
  'user-agent' => 'Mozilla/5.0 (Windows NT 10.0; Win64; x64) AppleWebKit/537.36 (KHTML, like Gecko) ???/1.7.3 Chrome/91.0.4472.164 Electron/13.6.2 Safari/537.36',
  'accept' => 'application/json, text/plain, */*',
  'content-length' => '49',
  'connection' => 'keep-alive',
  'host' => 'www.td.com',
)
[ info ] [ PARAM ] array (
)
---------------------------------------------------------------

[2022-04-26T17:20:20+08:00] 127.0.0.1 POST www.td.com/index.php/api/login/index
[运行时间：0.013599s] [吞吐率：73.54req/s] [内存消耗：1,707.77kb] [文件加载：59]
[ info ] [ LANG ] D:\phpstudy_pro\WWW\Student\thinkphp\lang\zh-cn.php
[ info ] [ ROUTE ] array (
)
[ info ] [ HEADER ] array (
  'accept-language' => 'zh-CN',
  'accept-encoding' => 'gzip, deflate',
  'content-type' => 'application/json',
  'user-agent' => 'Mozilla/5.0 (Windows NT 10.0; Win64; x64) AppleWebKit/537.36 (KHTML, like Gecko) ???/1.7.3 Chrome/91.0.4472.164 Electron/13.6.2 Safari/537.36',
  'accept' => 'application/json, text/plain, */*',
  'content-length' => '49',
  'connection' => 'keep-alive',
  'host' => 'www.td.com',
)
[ info ] [ PARAM ] array (
)
---------------------------------------------------------------

[2022-04-26T17:20:21+08:00] 127.0.0.1 POST www.td.com/index.php/api/login/index
[运行时间：0.013822s] [吞吐率：72.35req/s] [内存消耗：1,707.77kb] [文件加载：59]
[ info ] [ LANG ] D:\phpstudy_pro\WWW\Student\thinkphp\lang\zh-cn.php
[ info ] [ ROUTE ] array (
)
[ info ] [ HEADER ] array (
  'accept-language' => 'zh-CN',
  'accept-encoding' => 'gzip, deflate',
  'content-type' => 'application/json',
  'user-agent' => 'Mozilla/5.0 (Windows NT 10.0; Win64; x64) AppleWebKit/537.36 (KHTML, like Gecko) ???/1.7.3 Chrome/91.0.4472.164 Electron/13.6.2 Safari/537.36',
  'accept' => 'application/json, text/plain, */*',
  'content-length' => '49',
  'connection' => 'keep-alive',
  'host' => 'www.td.com',
)
[ info ] [ PARAM ] array (
)
---------------------------------------------------------------

[2022-04-26T17:20:57+08:00] 127.0.0.1 POST www.td.com/index.php/api/login/index
[运行时间：0.013699s] [吞吐率：73.00req/s] [内存消耗：1,707.70kb] [文件加载：59]
[ info ] [ LANG ] D:\phpstudy_pro\WWW\Student\thinkphp\lang\zh-cn.php
[ info ] [ ROUTE ] array (
)
[ info ] [ HEADER ] array (
  'connection' => 'keep-alive',
  'content-length' => '52',
  'accept-encoding' => 'gzip, deflate',
  'host' => 'www.td.com',
  'postman-token' => 'c9c3db4f-5d64-44f9-b0b2-c0f38789675e',
  'cache-control' => 'no-cache',
  'accept' => '*/*',
  'user-agent' => 'PostmanRuntime/7.13.0',
  'content-type' => 'application/json',
)
[ info ] [ PARAM ] array (
)
---------------------------------------------------------------

[2022-04-26T17:21:04+08:00] 127.0.0.1 POST www.td.com/index.php/api/login/index
[运行时间：0.014403s] [吞吐率：69.43req/s] [内存消耗：1,708.43kb] [文件加载：59]
[ info ] [ LANG ] D:\phpstudy_pro\WWW\Student\thinkphp\lang\zh-cn.php
[ info ] [ ROUTE ] array (
)
[ info ] [ HEADER ] array (
  'connection' => 'keep-alive',
  'content-length' => '51',
  'accept-encoding' => 'gzip, deflate',
  'host' => 'www.td.com',
  'postman-token' => '4e42c139-39bd-4c16-8304-33ce2d172e5c',
  'cache-control' => 'no-cache',
  'accept' => '*/*',
  'user-agent' => 'PostmanRuntime/7.13.0',
  'content-type' => 'application/json',
)
[ info ] [ PARAM ] array (
  'username' => '小明',
  'password' => '123456',
)
---------------------------------------------------------------

[2022-04-26T17:21:09+08:00] 127.0.0.1 POST www.td.com/index.php/api/login/index
[运行时间：0.018008s] [吞吐率：55.53req/s] [内存消耗：1,708.51kb] [文件加载：59]
[ info ] [ LANG ] D:\phpstudy_pro\WWW\Student\thinkphp\lang\zh-cn.php
[ info ] [ ROUTE ] array (
)
[ info ] [ HEADER ] array (
  'accept-language' => 'zh-CN',
  'accept-encoding' => 'gzip, deflate',
  'content-type' => 'application/json',
  'user-agent' => 'Mozilla/5.0 (Windows NT 10.0; Win64; x64) AppleWebKit/537.36 (KHTML, like Gecko) ???/1.7.3 Chrome/91.0.4472.164 Electron/13.6.2 Safari/537.36',
  'accept' => 'application/json, text/plain, */*',
  'content-length' => '48',
  'connection' => 'keep-alive',
  'host' => 'www.td.com',
)
[ info ] [ PARAM ] array (
  'username' => '小明',
  'password' => '123456',
)
---------------------------------------------------------------

[2022-04-26T17:21:56+08:00] 127.0.0.1 POST www.td.com/index.php/api/login/index
[运行时间：0.030818s] [吞吐率：32.45req/s] [内存消耗：3,026.81kb] [文件加载：71]
[ info ] [ LANG ] D:\phpstudy_pro\WWW\Student\thinkphp\lang\zh-cn.php
[ info ] [ ROUTE ] array (
)
[ info ] [ HEADER ] array (
  'accept-language' => 'zh-CN',
  'accept-encoding' => 'gzip, deflate',
  'content-type' => 'application/json',
  'user-agent' => 'Mozilla/5.0 (Windows NT 10.0; Win64; x64) AppleWebKit/537.36 (KHTML, like Gecko) ???/1.7.3 Chrome/91.0.4472.164 Electron/13.6.2 Safari/537.36',
  'accept' => 'application/json, text/plain, */*',
  'content-length' => '48',
  'connection' => 'keep-alive',
  'host' => 'www.td.com',
)
[ info ] [ PARAM ] array (
  'username' => '小明',
  'password' => '123456',
)
[ info ] [ DB ] INIT mysql
[ sql ] [ DB ] CONNECT:[ UseTime:0.000755s ] mysql:host=127.0.0.1;dbname=student;charset=utf8
[ sql ] [ SQL ] SHOW COLUMNS FROM `stu_user` [ RunTime:0.000619s ]
[ sql ] [ SQL ] SELECT * FROM `stu_user` WHERE  `username` = '小明'  AND `password` = 'e10adc3949ba59abbe56e057f20f883e' LIMIT 1 [ RunTime:0.000224s ]
